app/build/intermediates/manifest_merge_blame_file/debug/processDebugMainManifest/manifest-merger-blame-debug-report.txt
1<?xml version="1.0" encoding="utf-8"?>
2<manifest xmlns:android="http://schemas.android.com/apk/res/android"
3    package="com.roadguard.app"
4    android:versionCode="1"
5    android:versionName="1.0" >
6
7    <uses-sdk
8        android:minSdkVersion="26"
9        android:targetSdkVersion="34" />
10
11    <uses-feature
11-->src/main/AndroidManifest.xml:4:5-84
12        android:name="android.hardware.camera"
12-->src/main/AndroidManifest.xml:4:19-57
13        android:required="true" />
13-->src/main/AndroidManifest.xml:4:58-81
14
15    <uses-permission android:name="android.permission.CAMERA" />
15-->src/main/AndroidManifest.xml:5:5-65
15-->src/main/AndroidManifest.xml:5:22-62
16    <uses-permission android:name="android.permission.VIBRATE" />
16-->src/main/AndroidManifest.xml:6:5-66
16-->src/main/AndroidManifest.xml:6:22-63
17    <uses-permission android:name="android.permission.ACCESS_NETWORK_STATE" />
17-->[androidx.media3:media3-common:1.2.0] AndroidManifest.xml:22:5-79
17-->[androidx.media3:media3-common:1.2.0] AndroidManifest.xml:22:22-76
18    <uses-permission android:name="android.permission.INTERNET" />
18-->[com.google.mlkit:object-detection:17.0.0] AndroidManifest.xml:8:5-67
18-->[com.google.mlkit:object-detection:17.0.0] AndroidManifest.xml:8:22-64
19
20    <permission
20-->[androidx.core:core:1.12.0] AndroidManifest.xml:22:5-24:47
21        android:name="com.roadguard.app.DYNAMIC_RECEIVER_NOT_EXPORTED_PERMISSION"
21-->[androidx.core:core:1.12.0] AndroidManifest.xml:23:9-81
22        android:protectionLevel="signature" />
22-->[androidx.core:core:1.12.0] AndroidManifest.xml:24:9-44
23
24    <uses-permission android:name="com.roadguard.app.DYNAMIC_RECEIVER_NOT_EXPORTED_PERMISSION" />
24-->[androidx.core:core:1.12.0] AndroidManifest.xml:26:5-97
24-->[androidx.core:core:1.12.0] AndroidManifest.xml:26:22-94
25
26    <application
26-->src/main/AndroidManifest.xml:8:5-26:19
27        android:name="com.roadguard.app.RoadGuardApp"
27-->src/main/AndroidManifest.xml:9:9-37
28        android:allowBackup="true"
28-->src/main/AndroidManifest.xml:10:9-35
29        android:appComponentFactory="androidx.core.app.CoreComponentFactory"
29-->[androidx.core:core:1.12.0] AndroidManifest.xml:28:18-86
30        android:debuggable="true"
31        android:extractNativeLibs="false"
32        android:icon="@mipmap/ic_launcher"
32-->src/main/AndroidManifest.xml:11:9-43
33        android:label="@string/app_name"
33-->src/main/AndroidManifest.xml:12:9-41
34        android:roundIcon="@mipmap/ic_launcher_round"
34-->src/main/AndroidManifest.xml:13:9-54
35        android:supportsRtl="true"
35-->src/main/AndroidManifest.xml:14:9-35
36        android:theme="@style/Theme.RoadGuard" >
36-->src/main/AndroidManifest.xml:15:9-47
37        <activity
37-->src/main/AndroidManifest.xml:16:9-25:20
38            android:name="com.roadguard.app.MainActivity"
38-->src/main/AndroidManifest.xml:17:13-41
39            android:exported="true"
39-->src/main/AndroidManifest.xml:18:13-36
40            android:screenOrientation="portrait"
40-->src/main/AndroidManifest.xml:19:13-49
41            android:theme="@style/Theme.RoadGuard" >
41-->src/main/AndroidManifest.xml:20:13-51
42            <intent-filter>
42-->src/main/AndroidManifest.xml:21:13-24:29
43                <action android:name="android.intent.action.MAIN" />
43-->src/main/AndroidManifest.xml:22:17-69
43-->src/main/AndroidManifest.xml:22:25-66
44
45                <category android:name="android.intent.category.LAUNCHER" />
45-->src/main/AndroidManifest.xml:23:17-77
45-->src/main/AndroidManifest.xml:23:27-74
46            </intent-filter>
47        </activity>
48
49        <service
49-->[androidx.camera:camera-camera2:1.3.0] AndroidManifest.xml:24:9-33:19
50            android:name="androidx.camera.core.impl.MetadataHolderService"
50-->[androidx.camera:camera-camera2:1.3.0] AndroidManifest.xml:25:13-75
51            android:enabled="false"
51-->[androidx.camera:camera-camera2:1.3.0] AndroidManifest.xml:26:13-36
52            android:exported="false" >
52-->[androidx.camera:camera-camera2:1.3.0] AndroidManifest.xml:27:13-37
53            <meta-data
53-->[androidx.camera:camera-camera2:1.3.0] AndroidManifest.xml:30:13-32:89
54                android:name="androidx.camera.core.impl.MetadataHolderService.DEFAULT_CONFIG_PROVIDER"
54-->[androidx.camera:camera-camera2:1.3.0] AndroidManifest.xml:31:17-103
55                android:value="androidx.camera.camera2.Camera2Config$DefaultProvider" />
55-->[androidx.camera:camera-camera2:1.3.0] AndroidManifest.xml:32:17-86
56        </service>
57        <service
57-->[com.google.mlkit:object-detection:17.0.0] AndroidManifest.xml:11:9-17:19
58            android:name="com.google.mlkit.common.internal.MlKitComponentDiscoveryService"
58-->[com.google.mlkit:object-detection:17.0.0] AndroidManifest.xml:12:13-91
59            android:directBootAware="true"
59-->[com.google.mlkit:common:18.0.0] AndroidManifest.xml:17:13-43
60            android:exported="false" >
60-->[com.google.mlkit:object-detection:17.0.0] AndroidManifest.xml:13:13-37
61            <meta-data
61-->[com.google.mlkit:object-detection:17.0.0] AndroidManifest.xml:14:13-16:85
62                android:name="com.google.firebase.components:com.google.mlkit.vision.objects.defaults.internal.DefaultObjectsRegistrar"
62-->[com.google.mlkit:object-detection:17.0.0] AndroidManifest.xml:15:17-136
63                android:value="com.google.firebase.components.ComponentRegistrar" />
63-->[com.google.mlkit:object-detection:17.0.0] AndroidManifest.xml:16:17-82
64            <meta-data
64-->[com.google.mlkit:vision-internal-vkp:18.2.2] AndroidManifest.xml:14:13-16:85
65                android:name="com.google.firebase.components:com.google.mlkit.vision.vkp.VkpRegistrar"
65-->[com.google.mlkit:vision-internal-vkp:18.2.2] AndroidManifest.xml:15:17-103
66                android:value="com.google.firebase.components.ComponentRegistrar" />
66-->[com.google.mlkit:vision-internal-vkp:18.2.2] AndroidManifest.xml:16:17-82
67            <meta-data
67-->[com.google.mlkit:vision-common:17.0.0] AndroidManifest.xml:12:13-14:85
68                android:name="com.google.firebase.components:com.google.mlkit.vision.common.internal.VisionCommonRegistrar"
68-->[com.google.mlkit:vision-common:17.0.0] AndroidManifest.xml:13:17-124
69                android:value="com.google.firebase.components.ComponentRegistrar" />
69-->[com.google.mlkit:vision-common:17.0.0] AndroidManifest.xml:14:17-82
70            <meta-data
70-->[com.google.mlkit:common:18.0.0] AndroidManifest.xml:20:13-22:85
71                android:name="com.google.firebase.components:com.google.mlkit.common.internal.CommonComponentRegistrar"
71-->[com.google.mlkit:common:18.0.0] AndroidManifest.xml:21:17-120
72                android:value="com.google.firebase.components.ComponentRegistrar" />
72-->[com.google.mlkit:common:18.0.0] AndroidManifest.xml:22:17-82
73        </service>
74
75        <provider
75-->[com.google.mlkit:common:18.0.0] AndroidManifest.xml:9:9-13:38
76            android:name="com.google.mlkit.common.internal.MlKitInitProvider"
76-->[com.google.mlkit:common:18.0.0] AndroidManifest.xml:10:13-78
77            android:authorities="com.roadguard.app.mlkitinitprovider"
77-->[com.google.mlkit:common:18.0.0] AndroidManifest.xml:11:13-69
78            android:exported="false"
78-->[com.google.mlkit:common:18.0.0] AndroidManifest.xml:12:13-37
79            android:initOrder="99" />
79-->[com.google.mlkit:common:18.0.0] AndroidManifest.xml:13:13-35
80
81        <activity
81-->[com.google.android.gms:play-services-base:18.0.1] AndroidManifest.xml:20:9-22:45
82            android:name="com.google.android.gms.common.api.GoogleApiActivity"
82-->[com.google.android.gms:play-services-base:18.0.1] AndroidManifest.xml:20:19-85
83            android:exported="false"
83-->[com.google.android.gms:play-services-base:18.0.1] AndroidManifest.xml:22:19-43
84            android:theme="@android:style/Theme.Translucent.NoTitleBar" />
84-->[com.google.android.gms:play-services-base:18.0.1] AndroidManifest.xml:21:19-78
85
86        <meta-data
86-->[com.google.android.gms:play-services-basement:18.0.0] AndroidManifest.xml:21:9-23:69
87            android:name="com.google.android.gms.version"
87-->[com.google.android.gms:play-services-basement:18.0.0] AndroidManifest.xml:22:13-58
88            android:value="@integer/google_play_services_version" />
88-->[com.google.android.gms:play-services-basement:18.0.0] AndroidManifest.xml:23:13-66
89
90        <activity
90-->[androidx.compose.ui:ui-tooling-android:1.5.4] AndroidManifest.xml:23:9-25:39
91            android:name="androidx.compose.ui.tooling.PreviewActivity"
91-->[androidx.compose.ui:ui-tooling-android:1.5.4] AndroidManifest.xml:24:13-71
92            android:exported="true" />
92-->[androidx.compose.ui:ui-tooling-android:1.5.4] AndroidManifest.xml:25:13-36
93        <activity
93-->[androidx.compose.ui:ui-test-manifest:1.5.4] AndroidManifest.xml:23:9-25:39
94            android:name="androidx.activity.ComponentActivity"
94-->[androidx.compose.ui:ui-test-manifest:1.5.4] AndroidManifest.xml:24:13-63
95            android:exported="true" />
95-->[androidx.compose.ui:ui-test-manifest:1.5.4] AndroidManifest.xml:25:13-36
96
97        <provider
97-->[androidx.emoji2:emoji2:1.4.0] AndroidManifest.xml:24:9-32:20
98            android:name="androidx.startup.InitializationProvider"
98-->[androidx.emoji2:emoji2:1.4.0] AndroidManifest.xml:25:13-67
99            android:authorities="com.roadguard.app.androidx-startup"
99-->[androidx.emoji2:emoji2:1.4.0] AndroidManifest.xml:26:13-68
100            android:exported="false" >
100-->[androidx.emoji2:emoji2:1.4.0] AndroidManifest.xml:27:13-37
101            <meta-data
101-->[androidx.emoji2:emoji2:1.4.0] AndroidManifest.xml:29:13-31:52
102                android:name="androidx.emoji2.text.EmojiCompatInitializer"
102-->[androidx.emoji2:emoji2:1.4.0] AndroidManifest.xml:30:17-75
103                android:value="androidx.startup" />
103-->[androidx.emoji2:emoji2:1.4.0] AndroidManifest.xml:31:17-49
104            <meta-data
104-->[androidx.lifecycle:lifecycle-process:2.6.2] AndroidManifest.xml:29:13-31:52
105                android:name="androidx.lifecycle.ProcessLifecycleInitializer"
105-->[androidx.lifecycle:lifecycle-process:2.6.2] AndroidManifest.xml:30:17-78
106                android:value="androidx.startup" />
106-->[androidx.lifecycle:lifecycle-process:2.6.2] AndroidManifest.xml:31:17-49
107            <meta-data
107-->[androidx.profileinstaller:profileinstaller:1.3.0] AndroidManifest.xml:29:13-31:52
108                android:name="androidx.profileinstaller.ProfileInstallerInitializer"
108-->[androidx.profileinstaller:profileinstaller:1.3.0] AndroidManifest.xml:30:17-85
109                android:value="androidx.startup" />
109-->[androidx.profileinstaller:profileinstaller:1.3.0] AndroidManifest.xml:31:17-49
110        </provider>
111
112        <service
112-->[com.google.android.datatransport:transport-backend-cct:2.3.3] AndroidManifest.xml:29:9-35:19
113            android:name="com.google.android.datatransport.runtime.backends.TransportBackendDiscovery"
113-->[com.google.android.datatransport:transport-backend-cct:2.3.3] AndroidManifest.xml:30:13-103
114            android:exported="false" >
114-->[com.google.android.datatransport:transport-backend-cct:2.3.3] AndroidManifest.xml:31:13-37
115            <meta-data
115-->[com.google.android.datatransport:transport-backend-cct:2.3.3] AndroidManifest.xml:32:13-34:39
116                android:name="backend:com.google.android.datatransport.cct.CctBackendFactory"
116-->[com.google.android.datatransport:transport-backend-cct:2.3.3] AndroidManifest.xml:33:17-94
117                android:value="cct" />
117-->[com.google.android.datatransport:transport-backend-cct:2.3.3] AndroidManifest.xml:34:17-36
118        </service>
119        <service
119-->[com.google.android.datatransport:transport-runtime:2.2.6] AndroidManifest.xml:26:9-30:19
120            android:name="com.google.android.datatransport.runtime.scheduling.jobscheduling.JobInfoSchedulerService"
120-->[com.google.android.datatransport:transport-runtime:2.2.6] AndroidManifest.xml:27:13-117
121            android:exported="false"
121-->[com.google.android.datatransport:transport-runtime:2.2.6] AndroidManifest.xml:28:13-37
122            android:permission="android.permission.BIND_JOB_SERVICE" >
122-->[com.google.android.datatransport:transport-runtime:2.2.6] AndroidManifest.xml:29:13-69
123        </service>
124
125        <receiver
125-->[com.google.android.datatransport:transport-runtime:2.2.6] AndroidManifest.xml:32:9-34:40
126            android:name="com.google.android.datatransport.runtime.scheduling.jobscheduling.AlarmManagerSchedulerBroadcastReceiver"
126-->[com.google.android.datatransport:transport-runtime:2.2.6] AndroidManifest.xml:33:13-132
127            android:exported="false" />
127-->[com.google.android.datatransport:transport-runtime:2.2.6] AndroidManifest.xml:34:13-37
128        <receiver
128-->[androidx.profileinstaller:profileinstaller:1.3.0] AndroidManifest.xml:34:9-52:20
129            android:name="androidx.profileinstaller.ProfileInstallReceiver"
129-->[androidx.profileinstaller:profileinstaller:1.3.0] AndroidManifest.xml:35:13-76
130            android:directBootAware="false"
130-->[androidx.profileinstaller:profileinstaller:1.3.0] AndroidManifest.xml:36:13-44
131            android:enabled="true"
131-->[androidx.profileinstaller:profileinstaller:1.3.0] AndroidManifest.xml:37:13-35
132            android:exported="true"
132-->[androidx.profileinstaller:profileinstaller:1.3.0] AndroidManifest.xml:38:13-36
133            android:permission="android.permission.DUMP" >
133-->[androidx.profileinstaller:profileinstaller:1.3.0] AndroidManifest.xml:39:13-57
134            <intent-filter>
134-->[androidx.profileinstaller:profileinstaller:1.3.0] AndroidManifest.xml:40:13-42:29
135                <action android:name="androidx.profileinstaller.action.INSTALL_PROFILE" />
135-->[androidx.profileinstaller:profileinstaller:1.3.0] AndroidManifest.xml:41:17-91
135-->[androidx.profileinstaller:profileinstaller:1.3.0] AndroidManifest.xml:41:25-88
136            </intent-filter>
137            <intent-filter>
137-->[androidx.profileinstaller:profileinstaller:1.3.0] AndroidManifest.xml:43:13-45:29
138                <action android:name="androidx.profileinstaller.action.SKIP_FILE" />
138-->[androidx.profileinstaller:profileinstaller:1.3.0] AndroidManifest.xml:44:17-85
138-->[androidx.profileinstaller:profileinstaller:1.3.0] AndroidManifest.xml:44:25-82
139            </intent-filter>
140            <intent-filter>
140-->[androidx.profileinstaller:profileinstaller:1.3.0] AndroidManifest.xml:46:13-48:29
141                <action android:name="androidx.profileinstaller.action.SAVE_PROFILE" />
141-->[androidx.profileinstaller:profileinstaller:1.3.0] AndroidManifest.xml:47:17-88
141-->[androidx.profileinstaller:profileinstaller:1.3.0] AndroidManifest.xml:47:25-85
142            </intent-filter>
143            <intent-filter>
143-->[androidx.profileinstaller:profileinstaller:1.3.0] AndroidManifest.xml:49:13-51:29
144                <action android:name="androidx.profileinstaller.action.BENCHMARK_OPERATION" />
144-->[androidx.profileinstaller:profileinstaller:1.3.0] AndroidManifest.xml:50:17-95
144-->[androidx.profileinstaller:profileinstaller:1.3.0] AndroidManifest.xml:50:25-92
145            </intent-filter>
146        </receiver>
147    </application>
148
149</manifest>